# JRE version: OpenJDK Runtime Environment Temurin-21.0.7+6 (21.0.7+6) (build 21.0.7+6-LTS)
# Java VM: OpenJDK 64-Bit Server VM Temurin-21.0.7+6 (21.0.7+6-LTS, mixed mode, emulated-client, sharing, tiered, compressed oops, compressed class ptrs, g1 gc, windows-amd64)
GC Precious Log:
 CardTable entry size: 512
 Card Set container configuration: InlinePtr #cards 5 size 8 Array Of Cards #cards 12 size 40 Howl #buckets 4 coarsen threshold 1843 Howl Bitmap #cards 512 size 80 coarsen threshold 460 Card regions per heap region 1 cards per card region 2048
 CPUs: 12 total, 12 available
 Memory: 7876M
 Large Page Support: Disabled
 NUMA Support: Disabled
 Compressed Oops: Enabled (32-bit)
 Heap Region Size: 1M
 Heap Min Capacity: 8M
 Heap Initial Capacity: 124M
 Heap Max Capacity: 1G
 Pre-touch: Disabled
 Parallel Workers: 10
 Concurrent Workers: 3
 Concurrent Refinement Workers: 10
 Periodic GC: Disabled
Heap:
 garbage-first heap   total 103424K, used 38866K [0x00000000c0000000, 0x0000000100000000)
  region size 1024K, 1 young (1024K), 0 survivors (0K)
 Metaspace       used 56456K, committed 57536K, reserved 1114112K
  class space    used 7016K, committed 7488K, reserved 1048576K
GC Heap History (20 events):
Event: 160.674 GC heap after
{Heap after GC invocations=23 (full 9):
 garbage-first heap   total 103424K, used 40214K [0x00000000c0000000, 0x0000000100000000)
  region size 1024K, 0 young (0K), 0 survivors (0K)
 Metaspace       used 56218K, committed 57536K, reserved 1114112K
  class space    used 6967K, committed 7488K, reserved 1048576K
}
Event: 171.255 GC heap before
{Heap before GC invocations=23 (full 9):
 garbage-first heap   total 103424K, used 40214K [0x00000000c0000000, 0x0000000100000000)
  region size 1024K, 1 young (1024K), 0 survivors (0K)
 Metaspace       used 56218K, committed 57536K, reserved 1114112K
  class space    used 6967K, committed 7488K, reserved 1048576K
}
Event: 171.354 GC heap after
{Heap after GC invocations=24 (full 10):
 garbage-first heap   total 103424K, used 40214K [0x00000000c0000000, 0x0000000100000000)
  region size 1024K, 0 young (0K), 0 survivors (0K)
 Metaspace       used 56218K, committed 57536K, reserved 1114112K
  class space    used 6967K, committed 7488K, reserved 1048576K
}
Event: 221.906 GC heap before
{Heap before GC invocations=24 (full 10):
 garbage-first heap   total 103424K, used 41238K [0x00000000c0000000, 0x0000000100000000)
  region size 1024K, 2 young (2048K), 0 survivors (0K)
 Metaspace       used 56321K, committed 57536K, reserved 1114112K
  class space    used 6986K, committed 7488K, reserved 1048576K
}
Event: 221.946 GC heap after
{Heap after GC invocations=25 (full 11):
 garbage-first heap   total 103424K, used 40586K [0x00000000c0000000, 0x0000000100000000)
  region size 1024K, 0 young (0K), 0 survivors (0K)
 Metaspace       used 56321K, committed 57536K, reserved 1114112K
  class space    used 6986K, committed 7488K, reserved 1048576K
}
Event: 262.507 GC heap before
{Heap before GC invocations=25 (full 11):
 garbage-first heap   total 103424K, used 40586K [0x00000000c0000000, 0x0000000100000000)
  region size 1024K, 1 young (1024K), 0 survivors (0K)
 Metaspace       used 56321K, committed 57536K, reserved 1114112K
  class space    used 6986K, committed 7488K, reserved 1048576K
}
Event: 262.538 GC heap after
{Heap after GC invocations=26 (full 12):
 garbage-first heap   total 103424K, used 40587K [0x00000000c0000000, 0x0000000100000000)
  region size 1024K, 0 young (0K), 0 survivors (0K)
 Metaspace       used 56321K, committed 57536K, reserved 1114112K
  class space    used 6986K, committed 7488K, reserved 1048576K
}
Event: 303.074 GC heap before
{Heap before GC invocations=26 (full 12):
 garbage-first heap   total 103424K, used 40587K [0x00000000c0000000, 0x0000000100000000)
  region size 1024K, 1 young (1024K), 0 survivors (0K)
 Metaspace       used 56321K, committed 57536K, reserved 1114112K
  class space    used 6986K, committed 7488K, reserved 1048576K
}
Event: 303.189 GC heap after
{Heap after GC invocations=27 (full 13):
 garbage-first heap   total 103424K, used 40253K [0x00000000c0000000, 0x0000000100000000)
  region size 1024K, 0 young (0K), 0 survivors (0K)
 Metaspace       used 56310K, committed 57536K, reserved 1114112K
  class space    used 6983K, committed 7488K, reserved 1048576K
}
Event: 325.893 GC heap before
{Heap before GC invocations=27 (full 13):
 garbage-first heap   total 103424K, used 40253K [0x00000000c0000000, 0x0000000100000000)
  region size 1024K, 1 young (1024K), 0 survivors (0K)
 Metaspace       used 56310K, committed 57536K, reserved 1114112K
  class space    used 6983K, committed 7488K, reserved 1048576K
}
Event: 325.971 GC heap after
{Heap after GC invocations=28 (full 14):
 garbage-first heap   total 103424K, used 40253K [0x00000000c0000000, 0x0000000100000000)
  region size 1024K, 0 young (0K), 0 survivors (0K)
 Metaspace       used 56310K, committed 57536K, reserved 1114112K
  class space    used 6983K, committed 7488K, reserved 1048576K
}
Event: 336.575 GC heap before
{Heap before GC invocations=28 (full 14):
 garbage-first heap   total 103424K, used 40253K [0x00000000c0000000, 0x0000000100000000)
  region size 1024K, 1 young (1024K), 0 survivors (0K)
 Metaspace       used 56310K, committed 57536K, reserved 1114112K
  class space    used 6983K, committed 7488K, reserved 1048576K
}
Event: 336.620 GC heap after
{Heap after GC invocations=29 (full 15):
 garbage-first heap   total 103424K, used 40253K [0x00000000c0000000, 0x0000000100000000)
  region size 1024K, 0 young (0K), 0 survivors (0K)
 Metaspace       used 56310K, committed 57536K, reserved 1114112K
  class space    used 6983K, committed 7488K, reserved 1048576K
}
Event: 347.158 GC heap before
{Heap before GC invocations=29 (full 15):
 garbage-first heap   total 103424K, used 40253K [0x00000000c0000000, 0x0000000100000000)
  region size 1024K, 1 young (1024K), 0 survivors (0K)
 Metaspace       used 56310K, committed 57536K, reserved 1114112K
  class space    used 6983K, committed 7488K, reserved 1048576K
}
Event: 347.188 GC heap after
{Heap after GC invocations=30 (full 16):
 garbage-first heap   total 103424K, used 40253K [0x00000000c0000000, 0x0000000100000000)
  region size 1024K, 0 young (0K), 0 survivors (0K)
 Metaspace       used 56310K, committed 57536K, reserved 1114112K
  class space    used 6983K, committed 7488K, reserved 1048576K
}
Event: 357.692 GC heap before
{Heap before GC invocations=30 (full 16):
 garbage-first heap   total 103424K, used 40253K [0x00000000c0000000, 0x0000000100000000)
  region size 1024K, 1 young (1024K), 0 survivors (0K)
 Metaspace       used 56310K, committed 57536K, reserved 1114112K
  class space    used 6983K, committed 7488K, reserved 1048576K
}
Event: 357.722 GC heap after
{Heap after GC invocations=31 (full 17):
 garbage-first heap   total 103424K, used 40253K [0x00000000c0000000, 0x0000000100000000)
  region size 1024K, 0 young (0K), 0 survivors (0K)
 Metaspace       used 56310K, committed 57536K, reserved 1114112K
  class space    used 6983K, committed 7488K, reserved 1048576K
}
Event: 438.523 GC heap before
{Heap before GC invocations=31 (full 17):
 garbage-first heap   total 103424K, used 44349K [0x00000000c0000000, 0x0000000100000000)
  region size 1024K, 5 young (5120K), 0 survivors (0K)
 Metaspace       used 56456K, committed 57536K, reserved 1114112K
  class space    used 7016K, committed 7488K, reserved 1048576K
}
Event: 438.640 GC heap after
{Heap after GC invocations=32 (full 18):
 garbage-first heap   total 103424K, used 38866K [0x00000000c0000000, 0x0000000100000000)
  region size 1024K, 0 young (0K), 0 survivors (0K)
 Metaspace       used 56456K, committed 57536K, reserved 1114112K
  class space    used 7016K, committed 7488K, reserved 1048576K
}
Event: 459.686 GC heap before
{Heap before GC invocations=32 (full 18):
 garbage-first heap   total 103424K, used 38866K [0x00000000c0000000, 0x0000000100000000)
  region size 1024K, 1 young (1024K), 0 survivors (0K)
 Metaspace       used 56456K, committed 57536K, reserved 1114112K
  class space    used 7016K, committed 7488K, reserved 1048576K
}

