# JRE version: OpenJDK Runtime Environment Temurin-21.0.7+6 (21.0.7+6) (build 21.0.7+6-LTS)
# Java VM: OpenJDK 64-Bit Server VM Temurin-21.0.7+6 (21.0.7+6-LTS, mixed mode, emulated-client, sharing, tiered, compressed oops, compressed class ptrs, g1 gc, windows-amd64)
GC Precious Log:
 CardTable entry size: 512
 Card Set container configuration: InlinePtr #cards 5 size 8 Array Of Cards #cards 12 size 40 Howl #buckets 4 coarsen threshold 1843 Howl Bitmap #cards 512 size 80 coarsen threshold 460 Card regions per heap region 1 cards per card region 2048
 CPUs: 12 total, 12 available
 Memory: 7876M
 Large Page Support: Disabled
 NUMA Support: Disabled
 Compressed Oops: Enabled (32-bit)
 Heap Region Size: 1M
 Heap Min Capacity: 8M
 Heap Initial Capacity: 124M
 Heap Max Capacity: 1G
 Pre-touch: Disabled
 Parallel Workers: 10
 Concurrent Workers: 3
 Concurrent Refinement Workers: 10
 Periodic GC: Disabled
Heap:
 garbage-first heap   total 84992K, used 34746K [0x00000000c0000000, 0x0000000100000000)
  region size 1024K, 1 young (1024K), 0 survivors (0K)
 Metaspace       used 54562K, committed 55744K, reserved 1114112K
  class space    used 6678K, committed 7104K, reserved 1048576K
GC Heap History (20 events):
Event: 67745.337 GC heap after
{Heap after GC invocations=857 (full 845):
 garbage-first heap   total 84992K, used 34642K [0x00000000c0000000, 0x0000000100000000)
  region size 1024K, 0 young (0K), 0 survivors (0K)
 Metaspace       used 54486K, committed 55744K, reserved 1114112K
  class space    used 6658K, committed 7104K, reserved 1048576K
}
Event: 67756.004 GC heap before
{Heap before GC invocations=857 (full 845):
 garbage-first heap   total 84992K, used 34642K [0x00000000c0000000, 0x0000000100000000)
  region size 1024K, 1 young (1024K), 0 survivors (0K)
 Metaspace       used 54486K, committed 55744K, reserved 1114112K
  class space    used 6658K, committed 7104K, reserved 1048576K
}
Event: 67756.074 GC heap after
{Heap after GC invocations=858 (full 846):
 garbage-first heap   total 84992K, used 34642K [0x00000000c0000000, 0x0000000100000000)
  region size 1024K, 0 young (0K), 0 survivors (0K)
 Metaspace       used 54486K, committed 55744K, reserved 1114112K
  class space    used 6658K, committed 7104K, reserved 1048576K
}
Event: 67766.462 GC heap before
{Heap before GC invocations=858 (full 846):
 garbage-first heap   total 84992K, used 34642K [0x00000000c0000000, 0x0000000100000000)
  region size 1024K, 1 young (1024K), 0 survivors (0K)
 Metaspace       used 54486K, committed 55744K, reserved 1114112K
  class space    used 6658K, committed 7104K, reserved 1048576K
}
Event: 67766.530 GC heap after
{Heap after GC invocations=859 (full 847):
 garbage-first heap   total 84992K, used 34642K [0x00000000c0000000, 0x0000000100000000)
  region size 1024K, 0 young (0K), 0 survivors (0K)
 Metaspace       used 54486K, committed 55744K, reserved 1114112K
  class space    used 6658K, committed 7104K, reserved 1048576K
}
Event: 67777.352 GC heap before
{Heap before GC invocations=859 (full 847):
 garbage-first heap   total 84992K, used 34642K [0x00000000c0000000, 0x0000000100000000)
  region size 1024K, 1 young (1024K), 0 survivors (0K)
 Metaspace       used 54486K, committed 55744K, reserved 1114112K
  class space    used 6658K, committed 7104K, reserved 1048576K
}
Event: 67777.413 GC heap after
{Heap after GC invocations=860 (full 848):
 garbage-first heap   total 84992K, used 34642K [0x00000000c0000000, 0x0000000100000000)
  region size 1024K, 0 young (0K), 0 survivors (0K)
 Metaspace       used 54486K, committed 55744K, reserved 1114112K
  class space    used 6658K, committed 7104K, reserved 1048576K
}
Event: 67788.317 GC heap before
{Heap before GC invocations=860 (full 848):
 garbage-first heap   total 84992K, used 34642K [0x00000000c0000000, 0x0000000100000000)
  region size 1024K, 1 young (1024K), 0 survivors (0K)
 Metaspace       used 54486K, committed 55744K, reserved 1114112K
  class space    used 6658K, committed 7104K, reserved 1048576K
}
Event: 67788.382 GC heap after
{Heap after GC invocations=861 (full 849):
 garbage-first heap   total 84992K, used 34642K [0x00000000c0000000, 0x0000000100000000)
  region size 1024K, 0 young (0K), 0 survivors (0K)
 Metaspace       used 54486K, committed 55744K, reserved 1114112K
  class space    used 6658K, committed 7104K, reserved 1048576K
}
Event: 67799.252 GC heap before
{Heap before GC invocations=861 (full 849):
 garbage-first heap   total 84992K, used 34642K [0x00000000c0000000, 0x0000000100000000)
  region size 1024K, 1 young (1024K), 0 survivors (0K)
 Metaspace       used 54486K, committed 55744K, reserved 1114112K
  class space    used 6658K, committed 7104K, reserved 1048576K
}
Event: 67799.318 GC heap after
{Heap after GC invocations=862 (full 850):
 garbage-first heap   total 84992K, used 34642K [0x00000000c0000000, 0x0000000100000000)
  region size 1024K, 0 young (0K), 0 survivors (0K)
 Metaspace       used 54486K, committed 55744K, reserved 1114112K
  class space    used 6658K, committed 7104K, reserved 1048576K
}
Event: 67810.097 GC heap before
{Heap before GC invocations=862 (full 850):
 garbage-first heap   total 84992K, used 34642K [0x00000000c0000000, 0x0000000100000000)
  region size 1024K, 1 young (1024K), 0 survivors (0K)
 Metaspace       used 54486K, committed 55744K, reserved 1114112K
  class space    used 6658K, committed 7104K, reserved 1048576K
}
Event: 67810.155 GC heap after
{Heap after GC invocations=863 (full 851):
 garbage-first heap   total 84992K, used 34642K [0x00000000c0000000, 0x0000000100000000)
  region size 1024K, 0 young (0K), 0 survivors (0K)
 Metaspace       used 54486K, committed 55744K, reserved 1114112K
  class space    used 6658K, committed 7104K, reserved 1048576K
}
Event: 67821.129 GC heap before
{Heap before GC invocations=863 (full 851):
 garbage-first heap   total 84992K, used 34642K [0x00000000c0000000, 0x0000000100000000)
  region size 1024K, 1 young (1024K), 0 survivors (0K)
 Metaspace       used 54486K, committed 55744K, reserved 1114112K
  class space    used 6658K, committed 7104K, reserved 1048576K
}
Event: 67821.191 GC heap after
{Heap after GC invocations=864 (full 852):
 garbage-first heap   total 84992K, used 34642K [0x00000000c0000000, 0x0000000100000000)
  region size 1024K, 0 young (0K), 0 survivors (0K)
 Metaspace       used 54486K, committed 55744K, reserved 1114112K
  class space    used 6658K, committed 7104K, reserved 1048576K
}
Event: 67861.768 GC heap before
{Heap before GC invocations=864 (full 852):
 garbage-first heap   total 84992K, used 37714K [0x00000000c0000000, 0x0000000100000000)
  region size 1024K, 5 young (5120K), 0 survivors (0K)
 Metaspace       used 54562K, committed 55744K, reserved 1114112K
  class space    used 6678K, committed 7104K, reserved 1048576K
}
Event: 67861.892 GC heap after
{Heap after GC invocations=865 (full 853):
 garbage-first heap   total 84992K, used 34746K [0x00000000c0000000, 0x0000000100000000)
  region size 1024K, 0 young (0K), 0 survivors (0K)
 Metaspace       used 54562K, committed 55744K, reserved 1114112K
  class space    used 6678K, committed 7104K, reserved 1048576K
}
Event: 67872.297 GC heap before
{Heap before GC invocations=865 (full 853):
 garbage-first heap   total 84992K, used 34746K [0x00000000c0000000, 0x0000000100000000)
  region size 1024K, 1 young (1024K), 0 survivors (0K)
 Metaspace       used 54562K, committed 55744K, reserved 1114112K
  class space    used 6678K, committed 7104K, reserved 1048576K
}
Event: 67872.342 GC heap after
{Heap after GC invocations=866 (full 854):
 garbage-first heap   total 84992K, used 34746K [0x00000000c0000000, 0x0000000100000000)
  region size 1024K, 0 young (0K), 0 survivors (0K)
 Metaspace       used 54562K, committed 55744K, reserved 1114112K
  class space    used 6678K, committed 7104K, reserved 1048576K
}
Event: 67883.983 GC heap before
{Heap before GC invocations=866 (full 854):
 garbage-first heap   total 84992K, used 34746K [0x00000000c0000000, 0x0000000100000000)
  region size 1024K, 1 young (1024K), 0 survivors (0K)
 Metaspace       used 54562K, committed 55744K, reserved 1114112K
  class space    used 6678K, committed 7104K, reserved 1048576K
}

