# JRE version: OpenJDK Runtime Environment Temurin-21.0.7+6 (21.0.7+6) (build 21.0.7+6-LTS)
# Java VM: OpenJDK 64-Bit Server VM Temurin-21.0.7+6 (21.0.7+6-LTS, mixed mode, emulated-client, sharing, tiered, compressed oops, compressed class ptrs, g1 gc, windows-amd64)
GC Precious Log:
 CardTable entry size: 512
 Card Set container configuration: InlinePtr #cards 5 size 8 Array Of Cards #cards 12 size 40 Howl #buckets 4 coarsen threshold 1843 Howl Bitmap #cards 512 size 80 coarsen threshold 460 Card regions per heap region 1 cards per card region 2048
 CPUs: 12 total, 12 available
 Memory: 7876M
 Large Page Support: Disabled
 NUMA Support: Disabled
 Compressed Oops: Enabled (32-bit)
 Heap Region Size: 1M
 Heap Min Capacity: 8M
 Heap Initial Capacity: 124M
 Heap Max Capacity: 1G
 Pre-touch: Disabled
 Parallel Workers: 10
 Concurrent Workers: 3
 Concurrent Refinement Workers: 10
 Periodic GC: Disabled
Heap:
 garbage-first heap   total 100352K, used 40294K [0x00000000c0000000, 0x0000000100000000)
  region size 1024K, 1 young (1024K), 0 survivors (0K)
 Metaspace       used 56467K, committed 57920K, reserved 1114112K
  class space    used 7032K, committed 7552K, reserved 1048576K
GC Heap History (20 events):
Event: 250.736 GC heap after
{Heap after GC invocations=33 (full 18):
 garbage-first heap   total 100352K, used 40294K [0x00000000c0000000, 0x0000000100000000)
  region size 1024K, 0 young (0K), 0 survivors (0K)
 Metaspace       used 56467K, committed 57920K, reserved 1114112K
  class space    used 7032K, committed 7552K, reserved 1048576K
}
Event: 261.509 GC heap before
{Heap before GC invocations=33 (full 18):
 garbage-first heap   total 100352K, used 40294K [0x00000000c0000000, 0x0000000100000000)
  region size 1024K, 1 young (1024K), 0 survivors (0K)
 Metaspace       used 56467K, committed 57920K, reserved 1114112K
  class space    used 7032K, committed 7552K, reserved 1048576K
}
Event: 261.592 GC heap after
{Heap after GC invocations=34 (full 19):
 garbage-first heap   total 100352K, used 40294K [0x00000000c0000000, 0x0000000100000000)
  region size 1024K, 0 young (0K), 0 survivors (0K)
 Metaspace       used 56467K, committed 57920K, reserved 1114112K
  class space    used 7032K, committed 7552K, reserved 1048576K
}
Event: 272.373 GC heap before
{Heap before GC invocations=34 (full 19):
 garbage-first heap   total 100352K, used 40294K [0x00000000c0000000, 0x0000000100000000)
  region size 1024K, 1 young (1024K), 0 survivors (0K)
 Metaspace       used 56467K, committed 57920K, reserved 1114112K
  class space    used 7032K, committed 7552K, reserved 1048576K
}
Event: 272.459 GC heap after
{Heap after GC invocations=35 (full 20):
 garbage-first heap   total 100352K, used 40294K [0x00000000c0000000, 0x0000000100000000)
  region size 1024K, 0 young (0K), 0 survivors (0K)
 Metaspace       used 56467K, committed 57920K, reserved 1114112K
  class space    used 7032K, committed 7552K, reserved 1048576K
}
Event: 283.312 GC heap before
{Heap before GC invocations=35 (full 20):
 garbage-first heap   total 100352K, used 40294K [0x00000000c0000000, 0x0000000100000000)
  region size 1024K, 1 young (1024K), 0 survivors (0K)
 Metaspace       used 56467K, committed 57920K, reserved 1114112K
  class space    used 7032K, committed 7552K, reserved 1048576K
}
Event: 283.435 GC heap after
{Heap after GC invocations=36 (full 21):
 garbage-first heap   total 100352K, used 40294K [0x00000000c0000000, 0x0000000100000000)
  region size 1024K, 0 young (0K), 0 survivors (0K)
 Metaspace       used 56467K, committed 57920K, reserved 1114112K
  class space    used 7032K, committed 7552K, reserved 1048576K
}
Event: 294.393 GC heap before
{Heap before GC invocations=36 (full 21):
 garbage-first heap   total 100352K, used 40294K [0x00000000c0000000, 0x0000000100000000)
  region size 1024K, 1 young (1024K), 0 survivors (0K)
 Metaspace       used 56467K, committed 57920K, reserved 1114112K
  class space    used 7032K, committed 7552K, reserved 1048576K
}
Event: 294.478 GC heap after
{Heap after GC invocations=37 (full 22):
 garbage-first heap   total 100352K, used 40294K [0x00000000c0000000, 0x0000000100000000)
  region size 1024K, 0 young (0K), 0 survivors (0K)
 Metaspace       used 56467K, committed 57920K, reserved 1114112K
  class space    used 7032K, committed 7552K, reserved 1048576K
}
Event: 316.990 GC heap before
{Heap before GC invocations=37 (full 22):
 garbage-first heap   total 100352K, used 40294K [0x00000000c0000000, 0x0000000100000000)
  region size 1024K, 1 young (1024K), 0 survivors (0K)
 Metaspace       used 56467K, committed 57920K, reserved 1114112K
  class space    used 7032K, committed 7552K, reserved 1048576K
}
Event: 317.076 GC heap after
{Heap after GC invocations=38 (full 23):
 garbage-first heap   total 100352K, used 40294K [0x00000000c0000000, 0x0000000100000000)
  region size 1024K, 0 young (0K), 0 survivors (0K)
 Metaspace       used 56467K, committed 57920K, reserved 1114112K
  class space    used 7032K, committed 7552K, reserved 1048576K
}
Event: 327.855 GC heap before
{Heap before GC invocations=38 (full 23):
 garbage-first heap   total 100352K, used 40294K [0x00000000c0000000, 0x0000000100000000)
  region size 1024K, 1 young (1024K), 0 survivors (0K)
 Metaspace       used 56467K, committed 57920K, reserved 1114112K
  class space    used 7032K, committed 7552K, reserved 1048576K
}
Event: 327.939 GC heap after
{Heap after GC invocations=39 (full 24):
 garbage-first heap   total 100352K, used 40294K [0x00000000c0000000, 0x0000000100000000)
  region size 1024K, 0 young (0K), 0 survivors (0K)
 Metaspace       used 56467K, committed 57920K, reserved 1114112K
  class space    used 7032K, committed 7552K, reserved 1048576K
}
Event: 338.718 GC heap before
{Heap before GC invocations=39 (full 24):
 garbage-first heap   total 100352K, used 40294K [0x00000000c0000000, 0x0000000100000000)
  region size 1024K, 1 young (1024K), 0 survivors (0K)
 Metaspace       used 56467K, committed 57920K, reserved 1114112K
  class space    used 7032K, committed 7552K, reserved 1048576K
}
Event: 338.807 GC heap after
{Heap after GC invocations=40 (full 25):
 garbage-first heap   total 100352K, used 40294K [0x00000000c0000000, 0x0000000100000000)
  region size 1024K, 0 young (0K), 0 survivors (0K)
 Metaspace       used 56467K, committed 57920K, reserved 1114112K
  class space    used 7032K, committed 7552K, reserved 1048576K
}
Event: 349.467 GC heap before
{Heap before GC invocations=40 (full 25):
 garbage-first heap   total 100352K, used 40294K [0x00000000c0000000, 0x0000000100000000)
  region size 1024K, 1 young (1024K), 0 survivors (0K)
 Metaspace       used 56467K, committed 57920K, reserved 1114112K
  class space    used 7032K, committed 7552K, reserved 1048576K
}
Event: 349.551 GC heap after
{Heap after GC invocations=41 (full 26):
 garbage-first heap   total 100352K, used 40294K [0x00000000c0000000, 0x0000000100000000)
  region size 1024K, 0 young (0K), 0 survivors (0K)
 Metaspace       used 56467K, committed 57920K, reserved 1114112K
  class space    used 7032K, committed 7552K, reserved 1048576K
}
Event: 360.118 GC heap before
{Heap before GC invocations=41 (full 26):
 garbage-first heap   total 100352K, used 40294K [0x00000000c0000000, 0x0000000100000000)
  region size 1024K, 1 young (1024K), 0 survivors (0K)
 Metaspace       used 56467K, committed 57920K, reserved 1114112K
  class space    used 7032K, committed 7552K, reserved 1048576K
}
Event: 360.197 GC heap after
{Heap after GC invocations=42 (full 27):
 garbage-first heap   total 100352K, used 40294K [0x00000000c0000000, 0x0000000100000000)
  region size 1024K, 0 young (0K), 0 survivors (0K)
 Metaspace       used 56467K, committed 57920K, reserved 1114112K
  class space    used 7032K, committed 7552K, reserved 1048576K
}
Event: 371.915 GC heap before
{Heap before GC invocations=42 (full 27):
 garbage-first heap   total 100352K, used 40294K [0x00000000c0000000, 0x0000000100000000)
  region size 1024K, 1 young (1024K), 0 survivors (0K)
 Metaspace       used 56467K, committed 57920K, reserved 1114112K
  class space    used 7032K, committed 7552K, reserved 1048576K
}

