# JRE version: OpenJDK Runtime Environment Temurin-21.0.7+6 (21.0.7+6) (build 21.0.7+6-LTS)
# Java VM: OpenJDK 64-Bit Server VM Temurin-21.0.7+6 (21.0.7+6-LTS, mixed mode, emulated-client, sharing, tiered, compressed oops, compressed class ptrs, g1 gc, windows-amd64)
GC Precious Log:
 CardTable entry size: 512
 Card Set container configuration: InlinePtr #cards 5 size 8 Array Of Cards #cards 12 size 40 Howl #buckets 4 coarsen threshold 1843 Howl Bitmap #cards 512 size 80 coarsen threshold 460 Card regions per heap region 1 cards per card region 2048
 CPUs: 12 total, 12 available
 Memory: 7876M
 Large Page Support: Disabled
 NUMA Support: Disabled
 Compressed Oops: Enabled (32-bit)
 Heap Region Size: 1M
 Heap Min Capacity: 8M
 Heap Initial Capacity: 124M
 Heap Max Capacity: 1G
 Pre-touch: Disabled
 Parallel Workers: 10
 Concurrent Workers: 3
 Concurrent Refinement Workers: 10
 Periodic GC: Disabled
Heap:
 garbage-first heap   total 101376K, used 35054K [0x00000000c0000000, 0x0000000100000000)
  region size 1024K, 1 young (1024K), 0 survivors (0K)
 Metaspace       used 55496K, committed 56768K, reserved 1114112K
  class space    used 6815K, committed 7296K, reserved 1048576K
GC Heap History (20 events):
Event: 3762.451 GC heap after
{Heap after GC invocations=143 (full 126):
 garbage-first heap   total 101376K, used 35054K [0x00000000c0000000, 0x0000000100000000)
  region size 1024K, 0 young (0K), 0 survivors (0K)
 Metaspace       used 55496K, committed 56768K, reserved 1114112K
  class space    used 6815K, committed 7296K, reserved 1048576K
}
Event: 3773.235 GC heap before
{Heap before GC invocations=143 (full 126):
 garbage-first heap   total 101376K, used 35054K [0x00000000c0000000, 0x0000000100000000)
  region size 1024K, 1 young (1024K), 0 survivors (0K)
 Metaspace       used 55496K, committed 56768K, reserved 1114112K
  class space    used 6815K, committed 7296K, reserved 1048576K
}
Event: 3773.284 GC heap after
{Heap after GC invocations=144 (full 127):
 garbage-first heap   total 101376K, used 35054K [0x00000000c0000000, 0x0000000100000000)
  region size 1024K, 0 young (0K), 0 survivors (0K)
 Metaspace       used 55496K, committed 56768K, reserved 1114112K
  class space    used 6815K, committed 7296K, reserved 1048576K
}
Event: 3783.916 GC heap before
{Heap before GC invocations=144 (full 127):
 garbage-first heap   total 101376K, used 35054K [0x00000000c0000000, 0x0000000100000000)
  region size 1024K, 1 young (1024K), 0 survivors (0K)
 Metaspace       used 55496K, committed 56768K, reserved 1114112K
  class space    used 6815K, committed 7296K, reserved 1048576K
}
Event: 3783.974 GC heap after
{Heap after GC invocations=145 (full 128):
 garbage-first heap   total 101376K, used 35054K [0x00000000c0000000, 0x0000000100000000)
  region size 1024K, 0 young (0K), 0 survivors (0K)
 Metaspace       used 55496K, committed 56768K, reserved 1114112K
  class space    used 6815K, committed 7296K, reserved 1048576K
}
Event: 3794.577 GC heap before
{Heap before GC invocations=145 (full 128):
 garbage-first heap   total 101376K, used 35054K [0x00000000c0000000, 0x0000000100000000)
  region size 1024K, 1 young (1024K), 0 survivors (0K)
 Metaspace       used 55496K, committed 56768K, reserved 1114112K
  class space    used 6815K, committed 7296K, reserved 1048576K
}
Event: 3794.633 GC heap after
{Heap after GC invocations=146 (full 129):
 garbage-first heap   total 101376K, used 35054K [0x00000000c0000000, 0x0000000100000000)
  region size 1024K, 0 young (0K), 0 survivors (0K)
 Metaspace       used 55496K, committed 56768K, reserved 1114112K
  class space    used 6815K, committed 7296K, reserved 1048576K
}
Event: 3811.849 GC heap before
{Heap before GC invocations=146 (full 129):
 garbage-first heap   total 101376K, used 35054K [0x00000000c0000000, 0x0000000100000000)
  region size 1024K, 1 young (1024K), 0 survivors (0K)
 Metaspace       used 55496K, committed 56768K, reserved 1114112K
  class space    used 6815K, committed 7296K, reserved 1048576K
}
Event: 3811.934 GC heap after
{Heap after GC invocations=147 (full 130):
 garbage-first heap   total 101376K, used 35054K [0x00000000c0000000, 0x0000000100000000)
  region size 1024K, 0 young (0K), 0 survivors (0K)
 Metaspace       used 55496K, committed 56768K, reserved 1114112K
  class space    used 6815K, committed 7296K, reserved 1048576K
}
Event: 3822.508 GC heap before
{Heap before GC invocations=147 (full 130):
 garbage-first heap   total 101376K, used 35054K [0x00000000c0000000, 0x0000000100000000)
  region size 1024K, 1 young (1024K), 0 survivors (0K)
 Metaspace       used 55496K, committed 56768K, reserved 1114112K
  class space    used 6815K, committed 7296K, reserved 1048576K
}
Event: 3822.571 GC heap after
{Heap after GC invocations=148 (full 131):
 garbage-first heap   total 101376K, used 35054K [0x00000000c0000000, 0x0000000100000000)
  region size 1024K, 0 young (0K), 0 survivors (0K)
 Metaspace       used 55496K, committed 56768K, reserved 1114112K
  class space    used 6815K, committed 7296K, reserved 1048576K
}
Event: 3833.342 GC heap before
{Heap before GC invocations=148 (full 131):
 garbage-first heap   total 101376K, used 35054K [0x00000000c0000000, 0x0000000100000000)
  region size 1024K, 1 young (1024K), 0 survivors (0K)
 Metaspace       used 55496K, committed 56768K, reserved 1114112K
  class space    used 6815K, committed 7296K, reserved 1048576K
}
Event: 3833.416 GC heap after
{Heap after GC invocations=149 (full 132):
 garbage-first heap   total 101376K, used 35054K [0x00000000c0000000, 0x0000000100000000)
  region size 1024K, 0 young (0K), 0 survivors (0K)
 Metaspace       used 55496K, committed 56768K, reserved 1114112K
  class space    used 6815K, committed 7296K, reserved 1048576K
}
Event: 3844.055 GC heap before
{Heap before GC invocations=149 (full 132):
 garbage-first heap   total 101376K, used 35054K [0x00000000c0000000, 0x0000000100000000)
  region size 1024K, 1 young (1024K), 0 survivors (0K)
 Metaspace       used 55496K, committed 56768K, reserved 1114112K
  class space    used 6815K, committed 7296K, reserved 1048576K
}
Event: 3844.123 GC heap after
{Heap after GC invocations=150 (full 133):
 garbage-first heap   total 101376K, used 35054K [0x00000000c0000000, 0x0000000100000000)
  region size 1024K, 0 young (0K), 0 survivors (0K)
 Metaspace       used 55496K, committed 56768K, reserved 1114112K
  class space    used 6815K, committed 7296K, reserved 1048576K
}
Event: 3854.812 GC heap before
{Heap before GC invocations=150 (full 133):
 garbage-first heap   total 101376K, used 35054K [0x00000000c0000000, 0x0000000100000000)
  region size 1024K, 1 young (1024K), 0 survivors (0K)
 Metaspace       used 55496K, committed 56768K, reserved 1114112K
  class space    used 6815K, committed 7296K, reserved 1048576K
}
Event: 3854.898 GC heap after
{Heap after GC invocations=151 (full 134):
 garbage-first heap   total 101376K, used 35054K [0x00000000c0000000, 0x0000000100000000)
  region size 1024K, 0 young (0K), 0 survivors (0K)
 Metaspace       used 55496K, committed 56768K, reserved 1114112K
  class space    used 6815K, committed 7296K, reserved 1048576K
}
Event: 3865.755 GC heap before
{Heap before GC invocations=151 (full 134):
 garbage-first heap   total 101376K, used 35054K [0x00000000c0000000, 0x0000000100000000)
  region size 1024K, 1 young (1024K), 0 survivors (0K)
 Metaspace       used 55496K, committed 56768K, reserved 1114112K
  class space    used 6815K, committed 7296K, reserved 1048576K
}
Event: 3865.852 GC heap after
{Heap after GC invocations=152 (full 135):
 garbage-first heap   total 101376K, used 35054K [0x00000000c0000000, 0x0000000100000000)
  region size 1024K, 0 young (0K), 0 survivors (0K)
 Metaspace       used 55496K, committed 56768K, reserved 1114112K
  class space    used 6815K, committed 7296K, reserved 1048576K
}
Event: 3884.506 GC heap before
{Heap before GC invocations=152 (full 135):
 garbage-first heap   total 101376K, used 35054K [0x00000000c0000000, 0x0000000100000000)
  region size 1024K, 1 young (1024K), 0 survivors (0K)
 Metaspace       used 55496K, committed 56768K, reserved 1114112K
  class space    used 6815K, committed 7296K, reserved 1048576K
}

