# JRE version: OpenJDK Runtime Environment Temurin-21.0.7+6 (21.0.7+6) (build 21.0.7+6-LTS)
# Java VM: OpenJDK 64-Bit Server VM Temurin-21.0.7+6 (21.0.7+6-LTS, mixed mode, emulated-client, sharing, tiered, compressed oops, compressed class ptrs, g1 gc, windows-amd64)
GC Precious Log:
 CardTable entry size: 512
 Card Set container configuration: InlinePtr #cards 5 size 8 Array Of Cards #cards 12 size 40 Howl #buckets 4 coarsen threshold 1843 Howl Bitmap #cards 512 size 80 coarsen threshold 460 Card regions per heap region 1 cards per card region 2048
 CPUs: 12 total, 12 available
 Memory: 7876M
 Large Page Support: Disabled
 NUMA Support: Disabled
 Compressed Oops: Enabled (32-bit)
 Heap Region Size: 1M
 Heap Min Capacity: 8M
 Heap Initial Capacity: 124M
 Heap Max Capacity: 1G
 Pre-touch: Disabled
 Parallel Workers: 10
 Concurrent Workers: 3
 Concurrent Refinement Workers: 10
 Periodic GC: Disabled
Heap:
 garbage-first heap   total 102400K, used 37485K [0x00000000c0000000, 0x0000000100000000)
  region size 1024K, 1 young (1024K), 0 survivors (0K)
 Metaspace       used 55411K, committed 56640K, reserved 1114112K
  class space    used 6797K, committed 7296K, reserved 1048576K
GC Heap History (20 events):
Event: 3.795 GC heap after
{Heap after GC invocations=4 (full 0):
 garbage-first heap   total 126976K, used 21504K [0x00000000c0000000, 0x0000000100000000)
  region size 1024K, 6 young (6144K), 6 survivors (6144K)
 Metaspace       used 21228K, committed 21504K, reserved 1114112K
  class space    used 2715K, committed 2816K, reserved 1048576K
}
Event: 5.462 GC heap before
{Heap before GC invocations=5 (full 0):
 garbage-first heap   total 71680K, used 70656K [0x00000000c0000000, 0x0000000100000000)
  region size 1024K, 51 young (52224K), 6 survivors (6144K)
 Metaspace       used 29087K, committed 29568K, reserved 1114112K
  class space    used 3594K, committed 3776K, reserved 1048576K
}
Event: 5.489 GC heap after
{Heap after GC invocations=6 (full 0):
 garbage-first heap   total 82944K, used 26112K [0x00000000c0000000, 0x0000000100000000)
  region size 1024K, 8 young (8192K), 8 survivors (8192K)
 Metaspace       used 29087K, committed 29568K, reserved 1114112K
  class space    used 3594K, committed 3776K, reserved 1048576K
}
Event: 7.684 GC heap before
{Heap before GC invocations=6 (full 0):
 garbage-first heap   total 82944K, used 56832K [0x00000000c0000000, 0x0000000100000000)
  region size 1024K, 39 young (39936K), 8 survivors (8192K)
 Metaspace       used 35372K, committed 35968K, reserved 1114112K
  class space    used 4565K, committed 4864K, reserved 1048576K
}
Event: 7.695 GC heap after
{Heap after GC invocations=7 (full 0):
 garbage-first heap   total 82944K, used 28601K [0x00000000c0000000, 0x0000000100000000)
  region size 1024K, 4 young (4096K), 4 survivors (4096K)
 Metaspace       used 35372K, committed 35968K, reserved 1114112K
  class space    used 4565K, committed 4864K, reserved 1048576K
}
Event: 8.038 GC heap before
{Heap before GC invocations=7 (full 0):
 garbage-first heap   total 82944K, used 30649K [0x00000000c0000000, 0x0000000100000000)
  region size 1024K, 7 young (7168K), 4 survivors (4096K)
 Metaspace       used 35664K, committed 36288K, reserved 1114112K
  class space    used 4610K, committed 4928K, reserved 1048576K
}
Event: 8.044 GC heap after
{Heap after GC invocations=8 (full 0):
 garbage-first heap   total 82944K, used 29073K [0x00000000c0000000, 0x0000000100000000)
  region size 1024K, 1 young (1024K), 1 survivors (1024K)
 Metaspace       used 35664K, committed 36288K, reserved 1114112K
  class space    used 4610K, committed 4928K, reserved 1048576K
}
Event: 9.064 GC heap before
{Heap before GC invocations=9 (full 0):
 garbage-first heap   total 82944K, used 66961K [0x00000000c0000000, 0x0000000100000000)
  region size 1024K, 39 young (39936K), 1 survivors (1024K)
 Metaspace       used 41600K, committed 42304K, reserved 1114112K
  class space    used 5217K, committed 5568K, reserved 1048576K
}
Event: 9.071 GC heap after
{Heap after GC invocations=10 (full 0):
 garbage-first heap   total 82944K, used 32863K [0x00000000c0000000, 0x0000000100000000)
  region size 1024K, 5 young (5120K), 5 survivors (5120K)
 Metaspace       used 41600K, committed 42304K, reserved 1114112K
  class space    used 5217K, committed 5568K, reserved 1048576K
}
Event: 9.814 GC heap before
{Heap before GC invocations=10 (full 0):
 garbage-first heap   total 82944K, used 68703K [0x00000000c0000000, 0x0000000100000000)
  region size 1024K, 40 young (40960K), 5 survivors (5120K)
 Metaspace       used 49185K, committed 49984K, reserved 1114112K
  class space    used 6098K, committed 6464K, reserved 1048576K
}
Event: 9.824 GC heap after
{Heap after GC invocations=11 (full 0):
 garbage-first heap   total 84992K, used 42761K [0x00000000c0000000, 0x0000000100000000)
  region size 1024K, 5 young (5120K), 5 survivors (5120K)
 Metaspace       used 49185K, committed 49984K, reserved 1114112K
  class space    used 6098K, committed 6464K, reserved 1048576K
}
Event: 10.208 GC heap before
{Heap before GC invocations=11 (full 0):
 garbage-first heap   total 84992K, used 69385K [0x00000000c0000000, 0x0000000100000000)
  region size 1024K, 32 young (32768K), 5 survivors (5120K)
 Metaspace       used 52297K, committed 53056K, reserved 1114112K
  class space    used 6457K, committed 6784K, reserved 1048576K
}
Event: 10.213 GC heap after
{Heap after GC invocations=12 (full 0):
 garbage-first heap   total 102400K, used 44757K [0x00000000c0000000, 0x0000000100000000)
  region size 1024K, 2 young (2048K), 2 survivors (2048K)
 Metaspace       used 52297K, committed 53056K, reserved 1114112K
  class space    used 6457K, committed 6784K, reserved 1048576K
}
Event: 50.542 GC heap before
{Heap before GC invocations=12 (full 0):
 garbage-first heap   total 102400K, used 84693K [0x00000000c0000000, 0x0000000100000000)
  region size 1024K, 42 young (43008K), 2 survivors (2048K)
 Metaspace       used 55287K, committed 56064K, reserved 1114112K
  class space    used 6832K, committed 7168K, reserved 1048576K
}
Event: 50.551 GC heap after
{Heap after GC invocations=13 (full 0):
 garbage-first heap   total 102400K, used 47855K [0x00000000c0000000, 0x0000000100000000)
  region size 1024K, 5 young (5120K), 5 survivors (5120K)
 Metaspace       used 55287K, committed 56064K, reserved 1114112K
  class space    used 6832K, committed 7168K, reserved 1048576K
}
Event: 97.312 GC heap before
{Heap before GC invocations=13 (full 0):
 garbage-first heap   total 102400K, used 74479K [0x00000000c0000000, 0x0000000100000000)
  region size 1024K, 32 young (32768K), 5 survivors (5120K)
 Metaspace       used 55807K, committed 56640K, reserved 1114112K
  class space    used 6903K, committed 7296K, reserved 1048576K
}
Event: 97.385 GC heap after
{Heap after GC invocations=14 (full 1):
 garbage-first heap   total 102400K, used 41410K [0x00000000c0000000, 0x0000000100000000)
  region size 1024K, 0 young (0K), 0 survivors (0K)
 Metaspace       used 55807K, committed 56640K, reserved 1114112K
  class space    used 6903K, committed 7296K, reserved 1048576K
}
Event: 107.999 GC heap before
{Heap before GC invocations=14 (full 1):
 garbage-first heap   total 102400K, used 41410K [0x00000000c0000000, 0x0000000100000000)
  region size 1024K, 1 young (1024K), 0 survivors (0K)
 Metaspace       used 55807K, committed 56640K, reserved 1114112K
  class space    used 6903K, committed 7296K, reserved 1048576K
}
Event: 108.151 GC heap after
{Heap after GC invocations=15 (full 2):
 garbage-first heap   total 102400K, used 37485K [0x00000000c0000000, 0x0000000100000000)
  region size 1024K, 0 young (0K), 0 survivors (0K)
 Metaspace       used 55411K, committed 56640K, reserved 1114112K
  class space    used 6797K, committed 7296K, reserved 1048576K
}
Event: 118.878 GC heap before
{Heap before GC invocations=15 (full 2):
 garbage-first heap   total 102400K, used 37485K [0x00000000c0000000, 0x0000000100000000)
  region size 1024K, 1 young (1024K), 0 survivors (0K)
 Metaspace       used 55411K, committed 56640K, reserved 1114112K
  class space    used 6797K, committed 7296K, reserved 1048576K
}

