# JRE version: OpenJDK Runtime Environment Temurin-21.0.7+6 (21.0.7+6) (build 21.0.7+6-LTS)
# Java VM: OpenJDK 64-Bit Server VM Temurin-21.0.7+6 (21.0.7+6-LTS, mixed mode, emulated-client, sharing, tiered, compressed oops, compressed class ptrs, g1 gc, windows-amd64)
GC Precious Log:
 CardTable entry size: 512
 Card Set container configuration: InlinePtr #cards 5 size 8 Array Of Cards #cards 12 size 40 Howl #buckets 4 coarsen threshold 1843 Howl Bitmap #cards 512 size 80 coarsen threshold 460 Card regions per heap region 1 cards per card region 2048
 CPUs: 12 total, 12 available
 Memory: 7876M
 Large Page Support: Disabled
 NUMA Support: Disabled
 Compressed Oops: Enabled (32-bit)
 Heap Region Size: 1M
 Heap Min Capacity: 8M
 Heap Initial Capacity: 124M
 Heap Max Capacity: 1G
 Pre-touch: Disabled
 Parallel Workers: 10
 Concurrent Workers: 3
 Concurrent Refinement Workers: 10
 Periodic GC: Disabled
Heap:
 garbage-first heap   total 88064K, used 34899K [0x00000000c0000000, 0x0000000100000000)
  region size 1024K, 1 young (1024K), 0 survivors (0K)
 Metaspace       used 55468K, committed 56192K, reserved 1114112K
  class space    used 6822K, committed 7168K, reserved 1048576K
GC Heap History (20 events):
Event: 3097.546 GC heap after
{Heap after GC invocations=263 (full 247):
 garbage-first heap   total 88064K, used 34899K [0x00000000c0000000, 0x0000000100000000)
  region size 1024K, 0 young (0K), 0 survivors (0K)
 Metaspace       used 55468K, committed 56192K, reserved 1114112K
  class space    used 6822K, committed 7168K, reserved 1048576K
}
Event: 3108.260 GC heap before
{Heap before GC invocations=263 (full 247):
 garbage-first heap   total 88064K, used 34899K [0x00000000c0000000, 0x0000000100000000)
  region size 1024K, 1 young (1024K), 0 survivors (0K)
 Metaspace       used 55468K, committed 56192K, reserved 1114112K
  class space    used 6822K, committed 7168K, reserved 1048576K
}
Event: 3108.342 GC heap after
{Heap after GC invocations=264 (full 248):
 garbage-first heap   total 88064K, used 34899K [0x00000000c0000000, 0x0000000100000000)
  region size 1024K, 0 young (0K), 0 survivors (0K)
 Metaspace       used 55468K, committed 56192K, reserved 1114112K
  class space    used 6822K, committed 7168K, reserved 1048576K
}
Event: 3119.026 GC heap before
{Heap before GC invocations=264 (full 248):
 garbage-first heap   total 88064K, used 34899K [0x00000000c0000000, 0x0000000100000000)
  region size 1024K, 1 young (1024K), 0 survivors (0K)
 Metaspace       used 55468K, committed 56192K, reserved 1114112K
  class space    used 6822K, committed 7168K, reserved 1048576K
}
Event: 3119.112 GC heap after
{Heap after GC invocations=265 (full 249):
 garbage-first heap   total 88064K, used 34899K [0x00000000c0000000, 0x0000000100000000)
  region size 1024K, 0 young (0K), 0 survivors (0K)
 Metaspace       used 55468K, committed 56192K, reserved 1114112K
  class space    used 6822K, committed 7168K, reserved 1048576K
}
Event: 3129.828 GC heap before
{Heap before GC invocations=265 (full 249):
 garbage-first heap   total 88064K, used 34899K [0x00000000c0000000, 0x0000000100000000)
  region size 1024K, 1 young (1024K), 0 survivors (0K)
 Metaspace       used 55468K, committed 56192K, reserved 1114112K
  class space    used 6822K, committed 7168K, reserved 1048576K
}
Event: 3129.914 GC heap after
{Heap after GC invocations=266 (full 250):
 garbage-first heap   total 88064K, used 34899K [0x00000000c0000000, 0x0000000100000000)
  region size 1024K, 0 young (0K), 0 survivors (0K)
 Metaspace       used 55468K, committed 56192K, reserved 1114112K
  class space    used 6822K, committed 7168K, reserved 1048576K
}
Event: 3141.427 GC heap before
{Heap before GC invocations=266 (full 250):
 garbage-first heap   total 88064K, used 34899K [0x00000000c0000000, 0x0000000100000000)
  region size 1024K, 1 young (1024K), 0 survivors (0K)
 Metaspace       used 55468K, committed 56192K, reserved 1114112K
  class space    used 6822K, committed 7168K, reserved 1048576K
}
Event: 3141.544 GC heap after
{Heap after GC invocations=267 (full 251):
 garbage-first heap   total 88064K, used 34899K [0x00000000c0000000, 0x0000000100000000)
  region size 1024K, 0 young (0K), 0 survivors (0K)
 Metaspace       used 55468K, committed 56192K, reserved 1114112K
  class space    used 6822K, committed 7168K, reserved 1048576K
}
Event: 3152.118 GC heap before
{Heap before GC invocations=267 (full 251):
 garbage-first heap   total 88064K, used 34899K [0x00000000c0000000, 0x0000000100000000)
  region size 1024K, 1 young (1024K), 0 survivors (0K)
 Metaspace       used 55468K, committed 56192K, reserved 1114112K
  class space    used 6822K, committed 7168K, reserved 1048576K
}
Event: 3152.213 GC heap after
{Heap after GC invocations=268 (full 252):
 garbage-first heap   total 88064K, used 34899K [0x00000000c0000000, 0x0000000100000000)
  region size 1024K, 0 young (0K), 0 survivors (0K)
 Metaspace       used 55468K, committed 56192K, reserved 1114112K
  class space    used 6822K, committed 7168K, reserved 1048576K
}
Event: 3162.808 GC heap before
{Heap before GC invocations=268 (full 252):
 garbage-first heap   total 88064K, used 34899K [0x00000000c0000000, 0x0000000100000000)
  region size 1024K, 1 young (1024K), 0 survivors (0K)
 Metaspace       used 55468K, committed 56192K, reserved 1114112K
  class space    used 6822K, committed 7168K, reserved 1048576K
}
Event: 3162.893 GC heap after
{Heap after GC invocations=269 (full 253):
 garbage-first heap   total 88064K, used 34899K [0x00000000c0000000, 0x0000000100000000)
  region size 1024K, 0 young (0K), 0 survivors (0K)
 Metaspace       used 55468K, committed 56192K, reserved 1114112K
  class space    used 6822K, committed 7168K, reserved 1048576K
}
Event: 3173.570 GC heap before
{Heap before GC invocations=269 (full 253):
 garbage-first heap   total 88064K, used 34899K [0x00000000c0000000, 0x0000000100000000)
  region size 1024K, 1 young (1024K), 0 survivors (0K)
 Metaspace       used 55468K, committed 56192K, reserved 1114112K
  class space    used 6822K, committed 7168K, reserved 1048576K
}
Event: 3173.655 GC heap after
{Heap after GC invocations=270 (full 254):
 garbage-first heap   total 88064K, used 34899K [0x00000000c0000000, 0x0000000100000000)
  region size 1024K, 0 young (0K), 0 survivors (0K)
 Metaspace       used 55468K, committed 56192K, reserved 1114112K
  class space    used 6822K, committed 7168K, reserved 1048576K
}
Event: 3184.110 GC heap before
{Heap before GC invocations=270 (full 254):
 garbage-first heap   total 88064K, used 34899K [0x00000000c0000000, 0x0000000100000000)
  region size 1024K, 1 young (1024K), 0 survivors (0K)
 Metaspace       used 55468K, committed 56192K, reserved 1114112K
  class space    used 6822K, committed 7168K, reserved 1048576K
}
Event: 3184.186 GC heap after
{Heap after GC invocations=271 (full 255):
 garbage-first heap   total 88064K, used 34899K [0x00000000c0000000, 0x0000000100000000)
  region size 1024K, 0 young (0K), 0 survivors (0K)
 Metaspace       used 55468K, committed 56192K, reserved 1114112K
  class space    used 6822K, committed 7168K, reserved 1048576K
}
Event: 3194.699 GC heap before
{Heap before GC invocations=271 (full 255):
 garbage-first heap   total 88064K, used 34899K [0x00000000c0000000, 0x0000000100000000)
  region size 1024K, 1 young (1024K), 0 survivors (0K)
 Metaspace       used 55468K, committed 56192K, reserved 1114112K
  class space    used 6822K, committed 7168K, reserved 1048576K
}
Event: 3194.751 GC heap after
{Heap after GC invocations=272 (full 256):
 garbage-first heap   total 88064K, used 34899K [0x00000000c0000000, 0x0000000100000000)
  region size 1024K, 0 young (0K), 0 survivors (0K)
 Metaspace       used 55468K, committed 56192K, reserved 1114112K
  class space    used 6822K, committed 7168K, reserved 1048576K
}
Event: 3208.931 GC heap before
{Heap before GC invocations=272 (full 256):
 garbage-first heap   total 88064K, used 34899K [0x00000000c0000000, 0x0000000100000000)
  region size 1024K, 1 young (1024K), 0 survivors (0K)
 Metaspace       used 55468K, committed 56192K, reserved 1114112K
  class space    used 6822K, committed 7168K, reserved 1048576K
}

