# JRE version: OpenJDK Runtime Environment Temurin-21.0.7+6 (21.0.7+6) (build 21.0.7+6-LTS)
# Java VM: OpenJDK 64-Bit Server VM Temurin-21.0.7+6 (21.0.7+6-LTS, mixed mode, emulated-client, sharing, tiered, compressed oops, compressed class ptrs, g1 gc, windows-amd64)
GC Precious Log:
 CardTable entry size: 512
 Card Set container configuration: InlinePtr #cards 5 size 8 Array Of Cards #cards 12 size 40 Howl #buckets 4 coarsen threshold 1843 Howl Bitmap #cards 512 size 80 coarsen threshold 460 Card regions per heap region 1 cards per card region 2048
 CPUs: 12 total, 12 available
 Memory: 7876M
 Large Page Support: Disabled
 NUMA Support: Disabled
 Compressed Oops: Enabled (32-bit)
 Heap Region Size: 1M
 Heap Min Capacity: 8M
 Heap Initial Capacity: 124M
 Heap Max Capacity: 1G
 Pre-touch: Disabled
 Parallel Workers: 10
 Concurrent Workers: 3
 Concurrent Refinement Workers: 10
 Periodic GC: Disabled
Heap:
 garbage-first heap   total 100352K, used 36997K [0x00000000c0000000, 0x0000000100000000)
  region size 1024K, 1 young (1024K), 0 survivors (0K)
 Metaspace       used 54935K, committed 56448K, reserved 1114112K
  class space    used 6748K, committed 7360K, reserved 1048576K
GC Heap History (20 events):
Event: 91.204 GC heap after
{Heap after GC invocations=16 (full 4):
 garbage-first heap   total 100352K, used 36988K [0x00000000c0000000, 0x0000000100000000)
  region size 1024K, 0 young (0K), 0 survivors (0K)
 Metaspace       used 54935K, committed 56448K, reserved 1114112K
  class space    used 6748K, committed 7360K, reserved 1048576K
}
Event: 101.588 GC heap before
{Heap before GC invocations=16 (full 4):
 garbage-first heap   total 100352K, used 36988K [0x00000000c0000000, 0x0000000100000000)
  region size 1024K, 1 young (1024K), 0 survivors (0K)
 Metaspace       used 54935K, committed 56448K, reserved 1114112K
  class space    used 6748K, committed 7360K, reserved 1048576K
}
Event: 101.623 GC heap after
{Heap after GC invocations=17 (full 5):
 garbage-first heap   total 100352K, used 36997K [0x00000000c0000000, 0x0000000100000000)
  region size 1024K, 0 young (0K), 0 survivors (0K)
 Metaspace       used 54935K, committed 56448K, reserved 1114112K
  class space    used 6748K, committed 7360K, reserved 1048576K
}
Event: 111.995 GC heap before
{Heap before GC invocations=17 (full 5):
 garbage-first heap   total 100352K, used 36997K [0x00000000c0000000, 0x0000000100000000)
  region size 1024K, 1 young (1024K), 0 survivors (0K)
 Metaspace       used 54935K, committed 56448K, reserved 1114112K
  class space    used 6748K, committed 7360K, reserved 1048576K
}
Event: 112.029 GC heap after
{Heap after GC invocations=18 (full 6):
 garbage-first heap   total 100352K, used 36997K [0x00000000c0000000, 0x0000000100000000)
  region size 1024K, 0 young (0K), 0 survivors (0K)
 Metaspace       used 54935K, committed 56448K, reserved 1114112K
  class space    used 6748K, committed 7360K, reserved 1048576K
}
Event: 122.465 GC heap before
{Heap before GC invocations=18 (full 6):
 garbage-first heap   total 100352K, used 36997K [0x00000000c0000000, 0x0000000100000000)
  region size 1024K, 1 young (1024K), 0 survivors (0K)
 Metaspace       used 54935K, committed 56448K, reserved 1114112K
  class space    used 6748K, committed 7360K, reserved 1048576K
}
Event: 122.520 GC heap after
{Heap after GC invocations=19 (full 7):
 garbage-first heap   total 100352K, used 36997K [0x00000000c0000000, 0x0000000100000000)
  region size 1024K, 0 young (0K), 0 survivors (0K)
 Metaspace       used 54935K, committed 56448K, reserved 1114112K
  class space    used 6748K, committed 7360K, reserved 1048576K
}
Event: 132.870 GC heap before
{Heap before GC invocations=19 (full 7):
 garbage-first heap   total 100352K, used 36997K [0x00000000c0000000, 0x0000000100000000)
  region size 1024K, 1 young (1024K), 0 survivors (0K)
 Metaspace       used 54935K, committed 56448K, reserved 1114112K
  class space    used 6748K, committed 7360K, reserved 1048576K
}
Event: 132.898 GC heap after
{Heap after GC invocations=20 (full 8):
 garbage-first heap   total 100352K, used 36997K [0x00000000c0000000, 0x0000000100000000)
  region size 1024K, 0 young (0K), 0 survivors (0K)
 Metaspace       used 54935K, committed 56448K, reserved 1114112K
  class space    used 6748K, committed 7360K, reserved 1048576K
}
Event: 143.334 GC heap before
{Heap before GC invocations=20 (full 8):
 garbage-first heap   total 100352K, used 36997K [0x00000000c0000000, 0x0000000100000000)
  region size 1024K, 1 young (1024K), 0 survivors (0K)
 Metaspace       used 54935K, committed 56448K, reserved 1114112K
  class space    used 6748K, committed 7360K, reserved 1048576K
}
Event: 143.379 GC heap after
{Heap after GC invocations=21 (full 9):
 garbage-first heap   total 100352K, used 36997K [0x00000000c0000000, 0x0000000100000000)
  region size 1024K, 0 young (0K), 0 survivors (0K)
 Metaspace       used 54935K, committed 56448K, reserved 1114112K
  class space    used 6748K, committed 7360K, reserved 1048576K
}
Event: 153.808 GC heap before
{Heap before GC invocations=21 (full 9):
 garbage-first heap   total 100352K, used 36997K [0x00000000c0000000, 0x0000000100000000)
  region size 1024K, 1 young (1024K), 0 survivors (0K)
 Metaspace       used 54935K, committed 56448K, reserved 1114112K
  class space    used 6748K, committed 7360K, reserved 1048576K
}
Event: 153.846 GC heap after
{Heap after GC invocations=22 (full 10):
 garbage-first heap   total 100352K, used 36997K [0x00000000c0000000, 0x0000000100000000)
  region size 1024K, 0 young (0K), 0 survivors (0K)
 Metaspace       used 54935K, committed 56448K, reserved 1114112K
  class space    used 6748K, committed 7360K, reserved 1048576K
}
Event: 164.498 GC heap before
{Heap before GC invocations=22 (full 10):
 garbage-first heap   total 100352K, used 36997K [0x00000000c0000000, 0x0000000100000000)
  region size 1024K, 1 young (1024K), 0 survivors (0K)
 Metaspace       used 54935K, committed 56448K, reserved 1114112K
  class space    used 6748K, committed 7360K, reserved 1048576K
}
Event: 164.529 GC heap after
{Heap after GC invocations=23 (full 11):
 garbage-first heap   total 100352K, used 36997K [0x00000000c0000000, 0x0000000100000000)
  region size 1024K, 0 young (0K), 0 survivors (0K)
 Metaspace       used 54935K, committed 56448K, reserved 1114112K
  class space    used 6748K, committed 7360K, reserved 1048576K
}
Event: 175.215 GC heap before
{Heap before GC invocations=23 (full 11):
 garbage-first heap   total 100352K, used 36997K [0x00000000c0000000, 0x0000000100000000)
  region size 1024K, 1 young (1024K), 0 survivors (0K)
 Metaspace       used 54935K, committed 56448K, reserved 1114112K
  class space    used 6748K, committed 7360K, reserved 1048576K
}
Event: 175.285 GC heap after
{Heap after GC invocations=24 (full 12):
 garbage-first heap   total 100352K, used 36997K [0x00000000c0000000, 0x0000000100000000)
  region size 1024K, 0 young (0K), 0 survivors (0K)
 Metaspace       used 54935K, committed 56448K, reserved 1114112K
  class space    used 6748K, committed 7360K, reserved 1048576K
}
Event: 185.808 GC heap before
{Heap before GC invocations=24 (full 12):
 garbage-first heap   total 100352K, used 36997K [0x00000000c0000000, 0x0000000100000000)
  region size 1024K, 1 young (1024K), 0 survivors (0K)
 Metaspace       used 54935K, committed 56448K, reserved 1114112K
  class space    used 6748K, committed 7360K, reserved 1048576K
}
Event: 185.881 GC heap after
{Heap after GC invocations=25 (full 13):
 garbage-first heap   total 100352K, used 36997K [0x00000000c0000000, 0x0000000100000000)
  region size 1024K, 0 young (0K), 0 survivors (0K)
 Metaspace       used 54935K, committed 56448K, reserved 1114112K
  class space    used 6748K, committed 7360K, reserved 1048576K
}
Event: 197.473 GC heap before
{Heap before GC invocations=25 (full 13):
 garbage-first heap   total 100352K, used 36997K [0x00000000c0000000, 0x0000000100000000)
  region size 1024K, 1 young (1024K), 0 survivors (0K)
 Metaspace       used 54935K, committed 56448K, reserved 1114112K
  class space    used 6748K, committed 7360K, reserved 1048576K
}

