# JRE version: OpenJDK Runtime Environment Temurin-21.0.7+6 (21.0.7+6) (build 21.0.7+6-LTS)
# Java VM: OpenJDK 64-Bit Server VM Temurin-21.0.7+6 (21.0.7+6-LTS, mixed mode, emulated-client, sharing, tiered, compressed oops, compressed class ptrs, g1 gc, windows-amd64)
GC Precious Log:
 CardTable entry size: 512
 Card Set container configuration: InlinePtr #cards 5 size 8 Array Of Cards #cards 12 size 40 Howl #buckets 4 coarsen threshold 1843 Howl Bitmap #cards 512 size 80 coarsen threshold 460 Card regions per heap region 1 cards per card region 2048
 CPUs: 12 total, 12 available
 Memory: 7876M
 Large Page Support: Disabled
 NUMA Support: Disabled
 Compressed Oops: Enabled (32-bit)
 Heap Region Size: 1M
 Heap Min Capacity: 8M
 Heap Initial Capacity: 124M
 Heap Max Capacity: 1G
 Pre-touch: Disabled
 Parallel Workers: 10
 Concurrent Workers: 3
 Concurrent Refinement Workers: 10
 Periodic GC: Disabled
Heap:
 garbage-first heap   total 101376K, used 81420K [0x00000000c0000000, 0x0000000100000000)
  region size 1024K, 34 young (34816K), 4 survivors (4096K)
 Metaspace       used 55486K, committed 56640K, reserved 1114112K
  class space    used 6835K, committed 7296K, reserved 1048576K
GC Heap History (20 events):
Event: 3.197 GC heap before
{Heap before GC invocations=3 (full 0):
 garbage-first heap   total 126976K, used 43214K [0x00000000c0000000, 0x0000000100000000)
  region size 1024K, 31 young (31744K), 6 survivors (6144K)
 Metaspace       used 21230K, committed 21504K, reserved 1114112K
  class space    used 2717K, committed 2816K, reserved 1048576K
}
Event: 3.213 GC heap after
{Heap after GC invocations=4 (full 0):
 garbage-first heap   total 126976K, used 21016K [0x00000000c0000000, 0x0000000100000000)
  region size 1024K, 6 young (6144K), 6 survivors (6144K)
 Metaspace       used 21230K, committed 21504K, reserved 1114112K
  class space    used 2717K, committed 2816K, reserved 1048576K
}
Event: 4.866 GC heap before
{Heap before GC invocations=5 (full 0):
 garbage-first heap   total 71680K, used 70168K [0x00000000c0000000, 0x0000000100000000)
  region size 1024K, 51 young (52224K), 6 survivors (6144K)
 Metaspace       used 29141K, committed 29632K, reserved 1114112K
  class space    used 3602K, committed 3776K, reserved 1048576K
}
Event: 4.900 GC heap after
{Heap after GC invocations=6 (full 0):
 garbage-first heap   total 83968K, used 26734K [0x00000000c0000000, 0x0000000100000000)
  region size 1024K, 8 young (8192K), 8 survivors (8192K)
 Metaspace       used 29141K, committed 29632K, reserved 1114112K
  class space    used 3602K, committed 3776K, reserved 1048576K
}
Event: 7.384 GC heap before
{Heap before GC invocations=6 (full 0):
 garbage-first heap   total 83968K, used 57454K [0x00000000c0000000, 0x0000000100000000)
  region size 1024K, 39 young (39936K), 8 survivors (8192K)
 Metaspace       used 35403K, committed 35968K, reserved 1114112K
  class space    used 4573K, committed 4800K, reserved 1048576K
}
Event: 7.406 GC heap after
{Heap after GC invocations=7 (full 0):
 garbage-first heap   total 83968K, used 29450K [0x00000000c0000000, 0x0000000100000000)
  region size 1024K, 4 young (4096K), 4 survivors (4096K)
 Metaspace       used 35403K, committed 35968K, reserved 1114112K
  class space    used 4573K, committed 4800K, reserved 1048576K
}
Event: 7.687 GC heap before
{Heap before GC invocations=7 (full 0):
 garbage-first heap   total 83968K, used 30474K [0x00000000c0000000, 0x0000000100000000)
  region size 1024K, 7 young (7168K), 4 survivors (4096K)
 Metaspace       used 35740K, committed 36288K, reserved 1114112K
  class space    used 4620K, committed 4864K, reserved 1048576K
}
Event: 7.692 GC heap after
{Heap after GC invocations=8 (full 0):
 garbage-first heap   total 83968K, used 29960K [0x00000000c0000000, 0x0000000100000000)
  region size 1024K, 1 young (1024K), 1 survivors (1024K)
 Metaspace       used 35740K, committed 36288K, reserved 1114112K
  class space    used 4620K, committed 4864K, reserved 1048576K
}
Event: 8.748 GC heap before
{Heap before GC invocations=9 (full 0):
 garbage-first heap   total 83968K, used 66824K [0x00000000c0000000, 0x0000000100000000)
  region size 1024K, 38 young (38912K), 1 survivors (1024K)
 Metaspace       used 41207K, committed 41920K, reserved 1114112K
  class space    used 5189K, committed 5504K, reserved 1048576K
}
Event: 8.758 GC heap after
{Heap after GC invocations=10 (full 0):
 garbage-first heap   total 83968K, used 36447K [0x00000000c0000000, 0x0000000100000000)
  region size 1024K, 5 young (5120K), 5 survivors (5120K)
 Metaspace       used 41207K, committed 41920K, reserved 1114112K
  class space    used 5189K, committed 5504K, reserved 1048576K
}
Event: 9.519 GC heap before
{Heap before GC invocations=10 (full 0):
 garbage-first heap   total 83968K, used 69215K [0x00000000c0000000, 0x0000000100000000)
  region size 1024K, 37 young (37888K), 5 survivors (5120K)
 Metaspace       used 48063K, committed 48832K, reserved 1114112K
  class space    used 5974K, committed 6336K, reserved 1048576K
}
Event: 9.530 GC heap after
{Heap after GC invocations=11 (full 0):
 garbage-first heap   total 83968K, used 42577K [0x00000000c0000000, 0x0000000100000000)
  region size 1024K, 5 young (5120K), 5 survivors (5120K)
 Metaspace       used 48063K, committed 48832K, reserved 1114112K
  class space    used 5974K, committed 6336K, reserved 1048576K
}
Event: 9.911 GC heap before
{Heap before GC invocations=11 (full 0):
 garbage-first heap   total 83968K, used 68177K [0x00000000c0000000, 0x0000000100000000)
  region size 1024K, 31 young (31744K), 5 survivors (5120K)
 Metaspace       used 50832K, committed 51648K, reserved 1114112K
  class space    used 6348K, committed 6720K, reserved 1048576K
}
Event: 9.916 GC heap after
{Heap after GC invocations=12 (full 0):
 garbage-first heap   total 83968K, used 44817K [0x00000000c0000000, 0x0000000100000000)
  region size 1024K, 2 young (2048K), 2 survivors (2048K)
 Metaspace       used 50832K, committed 51648K, reserved 1114112K
  class space    used 6348K, committed 6720K, reserved 1048576K
}
Event: 10.401 GC heap before
{Heap before GC invocations=13 (full 0):
 garbage-first heap   total 83968K, used 69393K [0x00000000c0000000, 0x0000000100000000)
  region size 1024K, 27 young (27648K), 2 survivors (2048K)
 Metaspace       used 53919K, committed 54720K, reserved 1114112K
  class space    used 6672K, committed 7040K, reserved 1048576K
}
Event: 10.406 GC heap after
{Heap after GC invocations=14 (full 0):
 garbage-first heap   total 101376K, used 49143K [0x00000000c0000000, 0x0000000100000000)
  region size 1024K, 4 young (4096K), 4 survivors (4096K)
 Metaspace       used 53919K, committed 54720K, reserved 1114112K
  class space    used 6672K, committed 7040K, reserved 1048576K
}
Event: 64.392 GC heap before
{Heap before GC invocations=14 (full 0):
 garbage-first heap   total 101376K, used 82935K [0x00000000c0000000, 0x0000000100000000)
  region size 1024K, 38 young (38912K), 4 survivors (4096K)
 Metaspace       used 55100K, committed 55936K, reserved 1114112K
  class space    used 6838K, committed 7232K, reserved 1048576K
}
Event: 64.409 GC heap after
{Heap after GC invocations=15 (full 0):
 garbage-first heap   total 101376K, used 51391K [0x00000000c0000000, 0x0000000100000000)
  region size 1024K, 3 young (3072K), 3 survivors (3072K)
 Metaspace       used 55100K, committed 55936K, reserved 1114112K
  class space    used 6838K, committed 7232K, reserved 1048576K
}
Event: 94.052 GC heap before
{Heap before GC invocations=15 (full 0):
 garbage-first heap   total 101376K, used 85183K [0x00000000c0000000, 0x0000000100000000)
  region size 1024K, 37 young (37888K), 3 survivors (3072K)
 Metaspace       used 55753K, committed 56640K, reserved 1114112K
  class space    used 6912K, committed 7296K, reserved 1048576K
}
Event: 94.061 GC heap after
{Heap after GC invocations=16 (full 0):
 garbage-first heap   total 101376K, used 52748K [0x00000000c0000000, 0x0000000100000000)
  region size 1024K, 4 young (4096K), 4 survivors (4096K)
 Metaspace       used 55753K, committed 56640K, reserved 1114112K
  class space    used 6912K, committed 7296K, reserved 1048576K
}

