# JRE version: OpenJDK Runtime Environment Temurin-21.0.7+6 (21.0.7+6) (build 21.0.7+6-LTS)
# Java VM: OpenJDK 64-Bit Server VM Temurin-21.0.7+6 (21.0.7+6-LTS, mixed mode, emulated-client, sharing, tiered, compressed oops, compressed class ptrs, g1 gc, windows-amd64)
GC Precious Log:
 CardTable entry size: 512
 Card Set container configuration: InlinePtr #cards 5 size 8 Array Of Cards #cards 12 size 40 Howl #buckets 4 coarsen threshold 1843 Howl Bitmap #cards 512 size 80 coarsen threshold 460 Card regions per heap region 1 cards per card region 2048
 CPUs: 12 total, 12 available
 Memory: 7876M
 Large Page Support: Disabled
 NUMA Support: Disabled
 Compressed Oops: Enabled (32-bit)
 Heap Region Size: 1M
 Heap Min Capacity: 8M
 Heap Initial Capacity: 124M
 Heap Max Capacity: 1G
 Pre-touch: Disabled
 Parallel Workers: 10
 Concurrent Workers: 3
 Concurrent Refinement Workers: 10
 Periodic GC: Disabled
Heap:
 garbage-first heap   total 100352K, used 35090K [0x00000000c0000000, 0x0000000100000000)
  region size 1024K, 1 young (1024K), 0 survivors (0K)
 Metaspace       used 55546K, committed 56640K, reserved 1114112K
  class space    used 6824K, committed 7296K, reserved 1048576K
GC Heap History (20 events):
Event: 616.680 GC heap after
{Heap after GC invocations=42 (full 27):
 garbage-first heap   total 100352K, used 35089K [0x00000000c0000000, 0x0000000100000000)
  region size 1024K, 0 young (0K), 0 survivors (0K)
 Metaspace       used 55546K, committed 56640K, reserved 1114112K
  class space    used 6824K, committed 7296K, reserved 1048576K
}
Event: 627.241 GC heap before
{Heap before GC invocations=42 (full 27):
 garbage-first heap   total 100352K, used 35089K [0x00000000c0000000, 0x0000000100000000)
  region size 1024K, 1 young (1024K), 0 survivors (0K)
 Metaspace       used 55546K, committed 56640K, reserved 1114112K
  class space    used 6824K, committed 7296K, reserved 1048576K
}
Event: 627.264 GC heap after
{Heap after GC invocations=43 (full 28):
 garbage-first heap   total 100352K, used 35089K [0x00000000c0000000, 0x0000000100000000)
  region size 1024K, 0 young (0K), 0 survivors (0K)
 Metaspace       used 55546K, committed 56640K, reserved 1114112K
  class space    used 6824K, committed 7296K, reserved 1048576K
}
Event: 637.818 GC heap before
{Heap before GC invocations=43 (full 28):
 garbage-first heap   total 100352K, used 35089K [0x00000000c0000000, 0x0000000100000000)
  region size 1024K, 1 young (1024K), 0 survivors (0K)
 Metaspace       used 55546K, committed 56640K, reserved 1114112K
  class space    used 6824K, committed 7296K, reserved 1048576K
}
Event: 637.840 GC heap after
{Heap after GC invocations=44 (full 29):
 garbage-first heap   total 100352K, used 35089K [0x00000000c0000000, 0x0000000100000000)
  region size 1024K, 0 young (0K), 0 survivors (0K)
 Metaspace       used 55546K, committed 56640K, reserved 1114112K
  class space    used 6824K, committed 7296K, reserved 1048576K
}
Event: 648.412 GC heap before
{Heap before GC invocations=44 (full 29):
 garbage-first heap   total 100352K, used 35089K [0x00000000c0000000, 0x0000000100000000)
  region size 1024K, 1 young (1024K), 0 survivors (0K)
 Metaspace       used 55546K, committed 56640K, reserved 1114112K
  class space    used 6824K, committed 7296K, reserved 1048576K
}
Event: 648.435 GC heap after
{Heap after GC invocations=45 (full 30):
 garbage-first heap   total 100352K, used 35089K [0x00000000c0000000, 0x0000000100000000)
  region size 1024K, 0 young (0K), 0 survivors (0K)
 Metaspace       used 55546K, committed 56640K, reserved 1114112K
  class space    used 6824K, committed 7296K, reserved 1048576K
}
Event: 659.045 GC heap before
{Heap before GC invocations=45 (full 30):
 garbage-first heap   total 100352K, used 35089K [0x00000000c0000000, 0x0000000100000000)
  region size 1024K, 1 young (1024K), 0 survivors (0K)
 Metaspace       used 55546K, committed 56640K, reserved 1114112K
  class space    used 6824K, committed 7296K, reserved 1048576K
}
Event: 659.067 GC heap after
{Heap after GC invocations=46 (full 31):
 garbage-first heap   total 100352K, used 35089K [0x00000000c0000000, 0x0000000100000000)
  region size 1024K, 0 young (0K), 0 survivors (0K)
 Metaspace       used 55546K, committed 56640K, reserved 1114112K
  class space    used 6824K, committed 7296K, reserved 1048576K
}
Event: 669.671 GC heap before
{Heap before GC invocations=46 (full 31):
 garbage-first heap   total 100352K, used 35089K [0x00000000c0000000, 0x0000000100000000)
  region size 1024K, 1 young (1024K), 0 survivors (0K)
 Metaspace       used 55546K, committed 56640K, reserved 1114112K
  class space    used 6824K, committed 7296K, reserved 1048576K
}
Event: 669.692 GC heap after
{Heap after GC invocations=47 (full 32):
 garbage-first heap   total 100352K, used 35089K [0x00000000c0000000, 0x0000000100000000)
  region size 1024K, 0 young (0K), 0 survivors (0K)
 Metaspace       used 55546K, committed 56640K, reserved 1114112K
  class space    used 6824K, committed 7296K, reserved 1048576K
}
Event: 680.237 GC heap before
{Heap before GC invocations=47 (full 32):
 garbage-first heap   total 100352K, used 35089K [0x00000000c0000000, 0x0000000100000000)
  region size 1024K, 1 young (1024K), 0 survivors (0K)
 Metaspace       used 55546K, committed 56640K, reserved 1114112K
  class space    used 6824K, committed 7296K, reserved 1048576K
}
Event: 680.261 GC heap after
{Heap after GC invocations=48 (full 33):
 garbage-first heap   total 100352K, used 35089K [0x00000000c0000000, 0x0000000100000000)
  region size 1024K, 0 young (0K), 0 survivors (0K)
 Metaspace       used 55546K, committed 56640K, reserved 1114112K
  class space    used 6824K, committed 7296K, reserved 1048576K
}
Event: 690.742 GC heap before
{Heap before GC invocations=48 (full 33):
 garbage-first heap   total 100352K, used 35089K [0x00000000c0000000, 0x0000000100000000)
  region size 1024K, 1 young (1024K), 0 survivors (0K)
 Metaspace       used 55546K, committed 56640K, reserved 1114112K
  class space    used 6824K, committed 7296K, reserved 1048576K
}
Event: 690.766 GC heap after
{Heap after GC invocations=49 (full 34):
 garbage-first heap   total 100352K, used 35089K [0x00000000c0000000, 0x0000000100000000)
  region size 1024K, 0 young (0K), 0 survivors (0K)
 Metaspace       used 55546K, committed 56640K, reserved 1114112K
  class space    used 6824K, committed 7296K, reserved 1048576K
}
Event: 701.317 GC heap before
{Heap before GC invocations=49 (full 34):
 garbage-first heap   total 100352K, used 35089K [0x00000000c0000000, 0x0000000100000000)
  region size 1024K, 1 young (1024K), 0 survivors (0K)
 Metaspace       used 55546K, committed 56640K, reserved 1114112K
  class space    used 6824K, committed 7296K, reserved 1048576K
}
Event: 701.370 GC heap after
{Heap after GC invocations=50 (full 35):
 garbage-first heap   total 100352K, used 35089K [0x00000000c0000000, 0x0000000100000000)
  region size 1024K, 0 young (0K), 0 survivors (0K)
 Metaspace       used 55546K, committed 56640K, reserved 1114112K
  class space    used 6824K, committed 7296K, reserved 1048576K
}
Event: 723.078 GC heap before
{Heap before GC invocations=50 (full 35):
 garbage-first heap   total 100352K, used 35089K [0x00000000c0000000, 0x0000000100000000)
  region size 1024K, 1 young (1024K), 0 survivors (0K)
 Metaspace       used 55546K, committed 56640K, reserved 1114112K
  class space    used 6824K, committed 7296K, reserved 1048576K
}
Event: 723.128 GC heap after
{Heap after GC invocations=51 (full 36):
 garbage-first heap   total 100352K, used 35090K [0x00000000c0000000, 0x0000000100000000)
  region size 1024K, 0 young (0K), 0 survivors (0K)
 Metaspace       used 55546K, committed 56640K, reserved 1114112K
  class space    used 6824K, committed 7296K, reserved 1048576K
}
Event: 734.084 GC heap before
{Heap before GC invocations=51 (full 36):
 garbage-first heap   total 100352K, used 35090K [0x00000000c0000000, 0x0000000100000000)
  region size 1024K, 1 young (1024K), 0 survivors (0K)
 Metaspace       used 55546K, committed 56640K, reserved 1114112K
  class space    used 6824K, committed 7296K, reserved 1048576K
}

